[22:05:49] [ServerMain/INFO]: Environment: Environment[sessionHost=https://sessionserver.mojang.com, servicesHost=https://api.minecraftservices.com, name=PROD]
[22:05:51] [ServerMain/INFO]: Loaded 1175 recipes
[22:05:52] [Server thread/INFO]: Starting minecraft server version 1.20.6
[22:05:52] [Server thread/INFO]: Loading properties
[22:05:52] [Server thread/INFO]: This server is running CraftBukkit version 4195-Spigot-fcd94e2-f057cf4 (MC: 1.20.6) (Implementing API version 1.20.6-R0.1-SNAPSHOT)
[22:05:52] [Server thread/INFO]: Debug logging is disabled
[22:05:52] [Server thread/INFO]: Server Ping Player Sample Count: 12
[22:05:52] [Server thread/INFO]: Using 4 threads for Netty based IO
[22:05:52] [Server thread/INFO]: Default game type: SURVIVAL
[22:05:52] [Server thread/INFO]: Generating keypair
[22:05:53] [Server thread/INFO]: Starting Minecraft server on *:25565
[22:05:53] [Server thread/INFO]: Using epoll channel type
[22:05:53] [Server thread/INFO]: [ViaVersion] Loading ViaVersion v5.0.1
[22:05:53] [Server thread/INFO]: [ViaVersion] ViaVersion 5.0.1 is now loaded. Registering protocol transformers and injecting...
[22:05:54] [Via-Mappingloader-0/INFO]: [ViaVersion] Loading block connection mappings ...
[22:05:54] [Via-Mappingloader-0/INFO]: [ViaVersion] Using FastUtil Long2ObjectOpenHashMap for block connections
[22:05:55] [Server thread/INFO]: [Geyser-Spigot] Loading Geyser-Spigot v2.4.0-SNAPSHOT
[22:05:55] [Server thread/WARN]: [Geyser-Spigot] Missing locale: en_
[22:05:56] [Server thread/INFO]: [Geyser-Spigot] Loading extensions...
[22:05:56] [Server thread/INFO]: [Geyser-Spigot] Loaded 0 extension(s)
[22:05:56] [Server thread/WARN]: **** SERVER IS RUNNING IN OFFLINE/INSECURE MODE!
[22:05:56] [Server thread/WARN]: The server will make no attempt to authenticate usernames. Beware.
[22:05:56] [Server thread/WARN]: While this makes the game possible to play without internet access, it also opens up the ability for hackers to connect with any username they choose.
[22:05:56] [Server thread/WARN]: To change this, set "online-mode" to "true" in the server.properties file.
[22:05:56] [Server thread/INFO]: Preparing level "world"
[22:05:56] [Server thread/INFO]: -------- World Settings For [world] --------
[22:05:56] [Server thread/INFO]: Experience Merge Radius: 3.0
[22:05:56] [Server thread/INFO]: Cactus Growth Modifier: 100%
[22:05:56] [Server thread/INFO]: Cane Growth Modifier: 100%
[22:05:56] [Server thread/INFO]: Melon Growth Modifier: 100%
[22:05:56] [Server thread/INFO]: Mushroom Growth Modifier: 100%
[22:05:56] [Server thread/INFO]: Pumpkin Growth Modifier: 100%
[22:05:56] [Server thread/INFO]: Sapling Growth Modifier: 100%
[22:05:56] [Server thread/INFO]: Beetroot Growth Modifier: 100%
[22:05:56] [Server thread/INFO]: Carrot Growth Modifier: 100%
[22:05:56] [Server thread/INFO]: Potato Growth Modifier: 100%
[22:05:56] [Server thread/INFO]: Wheat Growth Modifier: 100%
[22:05:56] [Server thread/INFO]: NetherWart Growth Modifier: 100%
[22:05:56] [Server thread/INFO]: Vine Growth Modifier: 100%
[22:05:56] [Server thread/INFO]: Cocoa Growth Modifier: 100%
[22:05:56] [Server thread/INFO]: Bamboo Growth Modifier: 100%
[22:05:56] [Server thread/INFO]: SweetBerry Growth Modifier: 100%
[22:05:56] [Server thread/INFO]: Kelp Growth Modifier: 100%
[22:05:56] [Server thread/INFO]: TwistingVines Growth Modifier: 100%
[22:05:56] [Server thread/INFO]: WeepingVines Growth Modifier: 100%
[22:05:56] [Server thread/INFO]: CaveVines Growth Modifier: 100%
[22:05:56] [Server thread/INFO]: Entity Tracking Range: Pl 48 / An 48 / Mo 48 / Mi 32 / Di 128 / Other 64
[22:05:56] [Server thread/INFO]: Hopper Transfer: 8 Hopper Check: 1 Hopper Amount: 1 Hopper Can Load Chunks: false
[22:05:56] [Server thread/INFO]: Custom Map Seeds:  Village: 10387312 Desert: 14357617 Igloo: 14357618 Jungle: 14357619 Swamp: 14357620 Monument: 10387313 Ocean: 14357621 Shipwreck: 165745295 End City: 10387313 Slime: 987234911 Nether: 30084232 Mansion: 10387319 Fossil: 14357921 Portal: 34222645
[22:05:56] [Server thread/INFO]: Max TNT Explosions: 100
[22:05:56] [Server thread/INFO]: Tile Max Tick Time: 50ms Entity max Tick Time: 50ms
[22:05:56] [Server thread/INFO]: Mob Spawn Range: 6
[22:05:56] [Server thread/INFO]: Zombie Aggressive Towards Villager: true
[22:05:56] [Server thread/INFO]: Item Despawn Rate: 6000
[22:05:56] [Server thread/INFO]: Item Merge Radius: 2.5
[22:05:56] [Server thread/INFO]: View Distance: 10
[22:05:56] [Server thread/INFO]: Simulation Distance: 10
[22:05:56] [Server thread/INFO]: Entity Activation Range: An 32 / Mo 32 / Ra 48 / Mi 16 / Tiv true / Isa false
[22:05:56] [Server thread/INFO]: Allow Zombie Pigmen to spawn from portal blocks: true
[22:05:56] [Server thread/INFO]: Arrow Despawn Rate: 1200 Trident Respawn Rate:1200
[22:05:56] [Server thread/INFO]: Nerfing mobs spawned from spawners: false
[22:05:56] [Server thread/INFO]: -------- World Settings For [world_nether] --------
[22:05:56] [Server thread/INFO]: Experience Merge Radius: 3.0
[22:05:56] [Server thread/INFO]: Cactus Growth Modifier: 100%
[22:05:56] [Server thread/INFO]: Cane Growth Modifier: 100%
[22:05:56] [Server thread/INFO]: Melon Growth Modifier: 100%
[22:05:56] [Server thread/INFO]: Mushroom Growth Modifier: 100%
[22:05:56] [Server thread/INFO]: Pumpkin Growth Modifier: 100%
[22:05:56] [Server thread/INFO]: Sapling Growth Modifier: 100%
[22:05:56] [Server thread/INFO]: Beetroot Growth Modifier: 100%
[22:05:56] [Server thread/INFO]: Carrot Growth Modifier: 100%
[22:05:56] [Server thread/INFO]: Potato Growth Modifier: 100%
[22:05:56] [Server thread/INFO]: Wheat Growth Modifier: 100%
[22:05:56] [Server thread/INFO]: NetherWart Growth Modifier: 100%
[22:05:56] [Server thread/INFO]: Vine Growth Modifier: 100%
[22:05:56] [Server thread/INFO]: Cocoa Growth Modifier: 100%
[22:05:56] [Server thread/INFO]: Bamboo Growth Modifier: 100%
[22:05:56] [Server thread/INFO]: SweetBerry Growth Modifier: 100%
[22:05:56] [Server thread/INFO]: Kelp Growth Modifier: 100%
[22:05:56] [Server thread/INFO]: TwistingVines Growth Modifier: 100%
[22:05:56] [Server thread/INFO]: WeepingVines Growth Modifier: 100%
[22:05:56] [Server thread/INFO]: CaveVines Growth Modifier: 100%
[22:05:56] [Server thread/INFO]: Entity Tracking Range: Pl 48 / An 48 / Mo 48 / Mi 32 / Di 128 / Other 64
[22:05:56] [Server thread/INFO]: Hopper Transfer: 8 Hopper Check: 1 Hopper Amount: 1 Hopper Can Load Chunks: false
[22:05:56] [Server thread/INFO]: Custom Map Seeds:  Village: 10387312 Desert: 14357617 Igloo: 14357618 Jungle: 14357619 Swamp: 14357620 Monument: 10387313 Ocean: 14357621 Shipwreck: 165745295 End City: 10387313 Slime: 987234911 Nether: 30084232 Mansion: 10387319 Fossil: 14357921 Portal: 34222645
[22:05:56] [Server thread/INFO]: Max TNT Explosions: 100
[22:05:56] [Server thread/INFO]: Tile Max Tick Time: 50ms Entity max Tick Time: 50ms
[22:05:56] [Server thread/INFO]: Mob Spawn Range: 6
[22:05:56] [Server thread/INFO]: Zombie Aggressive Towards Villager: true
[22:05:56] [Server thread/INFO]: Item Despawn Rate: 6000
[22:05:56] [Server thread/INFO]: Item Merge Radius: 2.5
[22:05:56] [Server thread/INFO]: View Distance: 10
[22:05:56] [Server thread/INFO]: Simulation Distance: 10
[22:05:56] [Server thread/INFO]: Entity Activation Range: An 32 / Mo 32 / Ra 48 / Mi 16 / Tiv true / Isa false
[22:05:56] [Server thread/INFO]: Allow Zombie Pigmen to spawn from portal blocks: true
[22:05:56] [Server thread/INFO]: Arrow Despawn Rate: 1200 Trident Respawn Rate:1200
[22:05:56] [Server thread/INFO]: Nerfing mobs spawned from spawners: false
[22:05:58] [Server thread/INFO]: -------- World Settings For [world_the_end] --------
[22:05:58] [Server thread/INFO]: Experience Merge Radius: 3.0
[22:05:58] [Server thread/INFO]: Cactus Growth Modifier: 100%
[22:05:58] [Server thread/INFO]: Cane Growth Modifier: 100%
[22:05:58] [Server thread/INFO]: Melon Growth Modifier: 100%
[22:05:58] [Server thread/INFO]: Mushroom Growth Modifier: 100%
[22:05:58] [Server thread/INFO]: Pumpkin Growth Modifier: 100%
[22:05:58] [Server thread/INFO]: Sapling Growth Modifier: 100%
[22:05:58] [Server thread/INFO]: Beetroot Growth Modifier: 100%
[22:05:58] [Server thread/INFO]: Carrot Growth Modifier: 100%
[22:05:58] [Server thread/INFO]: Potato Growth Modifier: 100%
[22:05:58] [Server thread/INFO]: Wheat Growth Modifier: 100%
[22:05:58] [Server thread/INFO]: NetherWart Growth Modifier: 100%
[22:05:58] [Server thread/INFO]: Vine Growth Modifier: 100%
[22:05:58] [Server thread/INFO]: Cocoa Growth Modifier: 100%
[22:05:58] [Server thread/INFO]: Bamboo Growth Modifier: 100%
[22:05:58] [Server thread/INFO]: SweetBerry Growth Modifier: 100%
[22:05:58] [Server thread/INFO]: Kelp Growth Modifier: 100%
[22:05:58] [Server thread/INFO]: TwistingVines Growth Modifier: 100%
[22:05:58] [Server thread/INFO]: WeepingVines Growth Modifier: 100%
[22:05:58] [Server thread/INFO]: CaveVines Growth Modifier: 100%
[22:05:58] [Server thread/INFO]: Entity Tracking Range: Pl 48 / An 48 / Mo 48 / Mi 32 / Di 128 / Other 64
[22:05:58] [Server thread/INFO]: Hopper Transfer: 8 Hopper Check: 1 Hopper Amount: 1 Hopper Can Load Chunks: false
[22:05:58] [Server thread/INFO]: Custom Map Seeds:  Village: 10387312 Desert: 14357617 Igloo: 14357618 Jungle: 14357619 Swamp: 14357620 Monument: 10387313 Ocean: 14357621 Shipwreck: 165745295 End City: 10387313 Slime: 987234911 Nether: 30084232 Mansion: 10387319 Fossil: 14357921 Portal: 34222645
[22:05:58] [Server thread/INFO]: Max TNT Explosions: 100
[22:05:58] [Server thread/INFO]: Tile Max Tick Time: 50ms Entity max Tick Time: 50ms
[22:05:58] [Server thread/INFO]: Mob Spawn Range: 6
[22:05:58] [Server thread/INFO]: Zombie Aggressive Towards Villager: true
[22:05:58] [Server thread/INFO]: Item Despawn Rate: 6000
[22:05:58] [Server thread/INFO]: Item Merge Radius: 2.5
[22:05:58] [Server thread/INFO]: View Distance: 10
[22:05:58] [Server thread/INFO]: Simulation Distance: 10
[22:05:58] [Server thread/INFO]: Entity Activation Range: An 32 / Mo 32 / Ra 48 / Mi 16 / Tiv true / Isa false
[22:05:58] [Server thread/INFO]: Allow Zombie Pigmen to spawn from portal blocks: true
[22:05:58] [Server thread/INFO]: Arrow Despawn Rate: 1200 Trident Respawn Rate:1200
[22:05:58] [Server thread/INFO]: Nerfing mobs spawned from spawners: false
[22:05:59] [Server thread/INFO]: Preparing start region for dimension minecraft:overworld
[22:05:59] [Worker-Main-1/INFO]: Preparing spawn area: 0%
[22:06:00] [Worker-Main-3/INFO]: Preparing spawn area: 0%
[22:06:00] [Worker-Main-3/INFO]: Preparing spawn area: 0%
[22:06:00] [Worker-Main-3/INFO]: Preparing spawn area: 0%
[22:06:00] [Server thread/INFO]: Time elapsed: 1877 ms
[22:06:00] [Server thread/INFO]: Preparing start region for dimension minecraft:the_nether
[22:06:01] [Worker-Main-2/INFO]: Preparing spawn area: 0%
[22:06:01] [Worker-Main-2/INFO]: Preparing spawn area: 2%
[22:06:01] [Worker-Main-3/INFO]: Preparing spawn area: 20%
[22:06:02] [Worker-Main-1/INFO]: Preparing spawn area: 38%
[22:06:02] [Worker-Main-1/INFO]: Preparing spawn area: 61%
[22:06:03] [Worker-Main-1/INFO]: Preparing spawn area: 79%
[22:06:03] [Server thread/INFO]: Time elapsed: 2787 ms
[22:06:03] [Server thread/INFO]: Preparing start region for dimension minecraft:the_end
[22:06:03] [Worker-Main-2/INFO]: Preparing spawn area: 0%
[22:06:04] [Worker-Main-2/INFO]: Preparing spawn area: 26%
[22:06:04] [Server thread/INFO]: Time elapsed: 782 ms
[22:06:04] [Server thread/INFO]: [ViaVersion] Enabling ViaVersion v5.0.1
[22:06:04] [Server thread/INFO]: [ViaVersion] ViaVersion detected server version: 1.20.5-1.20.6 (766)
[22:06:04] [Server thread/INFO]: [Geyser-Spigot] Enabling Geyser-Spigot v2.4.0-SNAPSHOT
[22:06:04] [Server thread/INFO]: Server permissions file permissions.yml is empty, ignoring it
[22:06:04] [Server thread/INFO]: [Geyser-Spigot] ******************************************
[22:06:04] [Server thread/INFO]: [Geyser-Spigot] 
[22:06:04] [Server thread/INFO]: [Geyser-Spigot] Loading Geyser version 2.4.0-b599 (git-master-2a6025f)
[22:06:04] [Server thread/INFO]: [Geyser-Spigot] 
[22:06:04] [Server thread/INFO]: [Geyser-Spigot] ******************************************
[22:06:09] [epollEventLoopGroup-3-1/INFO]: [Geyser-Spigot] Started Geyser on 0.0.0.0:19132
[22:06:09] [Server thread/INFO]: [Geyser-Spigot] Done (5.068s)! Run /geyser help for help!
[22:06:09] [Server thread/INFO]: Done (13.372s)! For help, type "help"
[22:06:09] [Craft Scheduler Thread - 1/INFO]: [ViaVersion] Finished mapping loading, shutting down loader executor!
[22:07:48] [User Authenticator #1/INFO]: UUID of player nata0388 is dd531956-fdb9-3161-965f-f3e0fc03d3cc
[22:07:55] [Server thread/INFO]: nata0388 joined the game
[22:07:55] [Server thread/INFO]: nata0388[/107.116.82.177:18990] logged in with entity id 22 at ([world]-45.30000001192093, 65.0, -312.60044717262673)
[22:08:01] [Server thread/INFO]: nata0388 lost connection: Disconnected
[22:08:01] [Server thread/INFO]: nata0388 left the game
[22:08:46] [epollEventLoopGroup-4-1/INFO]: [Geyser-Spigot] Player connected with username TIAN2531
[22:09:18] [Geyser player thread-5-1/INFO]: [Geyser-Spigot] Bedrock user with ip: /190.90.9.115 has disconnected for reason Se necesita iniciar sesión
[22:09:45] [epollEventLoopGroup-4-2/INFO]: [Geyser-Spigot] Player connected with username TIAN2531
